<?xml version="1.0" encoding="UTF-8"?>
<testsuite name="com.wsc.backendapi.BackendApiApplicationTests" tests="1" skipped="0" failures="0" errors="0" timestamp="2024-03-26T08:37:38" hostname="ip-10-0-0-131.ap-northeast-2.compute.internal" time="1.121">
  <properties/>
  <testcase name="contextLoads()" classname="com.wsc.backendapi.BackendApiApplicationTests" time="1.121"/>
  <system-out><![CDATA[08:37:35.674 [Test worker] INFO org.springframework.test.context.support.AnnotationConfigContextLoaderUtils -- Could not detect default configuration classes for test class [com.wsc.backendapi.BackendApiApplicationTests]: BackendApiApplicationTests does not declare any static, non-private, non-final, nested classes annotated with @Configuration.
08:37:35.886 [Test worker] INFO org.springframework.boot.test.context.SpringBootTestContextBootstrapper -- Found @SpringBootConfiguration com.wsc.backendapi.BackendApiApplication for test class com.wsc.backendapi.BackendApiApplicationTests

  .   ____          _            __ _ _
 /\\ / ___'_ __ _ _(_)_ __  __ _ \ \ \ \
( ( )\___ | '_ | '_| | '_ \/ _` | \ \ \ \
 \\/  ___)| |_)| | | | | || (_| |  ) ) ) )
  '  |____| .__|_| |_|_| |_\__, | / / / /
 =========|_|==============|___/=/_/_/_/
 :: Spring Boot ::                (v3.2.4)

2024-03-26T08:37:36.598Z  INFO 55616 --- [backend-api] [    Test worker] c.w.b.BackendApiApplicationTests         : Starting BackendApiApplicationTests using Java 17.0.10 with PID 55616 (started by ec2-user in /home/ec2-user/wsc2024-backend)
2024-03-26T08:37:36.611Z  INFO 55616 --- [backend-api] [    Test worker] c.w.b.BackendApiApplicationTests         : No active profile set, falling back to 1 default profile: "default"
2024-03-26T08:37:38.521Z  INFO 55616 --- [backend-api] [    Test worker] c.w.b.BackendApiApplicationTests         : Started BackendApiApplicationTests in 2.414 seconds (process running for 4.38)
]]></system-out>
  <system-err><![CDATA[]]></system-err>
</testsuite>
